<?xml version="1.0" encoding="UTF-8"?>
<!-- Generated by org.testng.reporters.JUnitXMLReporter -->
<testsuite ignored="0" hostname="c1ba40143cdc" failures="0" tests="3" name="AmazonGridTest" time="20.959" errors="0" timestamp="2025-10-17T03:13:54 UTC">
  <testcase classname="com.example.tests.AmazonGridTest" name="openAmazonAndPrintTitle" time="6.664"/>
  <testcase classname="com.example.tests.AmazonGridTest" name="openAmazonAndPrintTitle" time="7.207"/>
  <testcase classname="com.example.tests.AmazonGridTest" name="openAmazonAndPrintTitle" time="7.071"/>
</testsuite> <!-- AmazonGridTest -->
