<?xml version="1.0" encoding="UTF-8"?>
<!-- Generated by org.testng.reporters.JUnitXMLReporter -->
<testsuite ignored="0" hostname="d30a3f06d5e4" failures="0" tests="3" name="AmazonGridTest" time="24.185" errors="0" timestamp="2025-10-17T03:09:56 UTC">
  <testcase classname="com.example.tests.AmazonGridTest" name="openAmazonAndPrintTitle" time="7.521"/>
  <testcase classname="com.example.tests.AmazonGridTest" name="openAmazonAndPrintTitle" time="8.628"/>
  <testcase classname="com.example.tests.AmazonGridTest" name="openAmazonAndPrintTitle" time="8.016"/>
</testsuite> <!-- AmazonGridTest -->
